{"name":"hexo","hostname":"67RB2LH27FPWE8W","pid":19668,"level":20,"msg":"Hexo version: \u001b[35m3.3.8\u001b[39m","time":"2017-09-04T09:34:02.532Z","v":0}
{"name":"hexo","hostname":"67RB2LH27FPWE8W","pid":19668,"level":20,"msg":"Working directory: \u001b[35mF:\\togithub\\study\\\u001b[39m","time":"2017-09-04T09:34:02.535Z","v":0}
{"name":"hexo","hostname":"67RB2LH27FPWE8W","pid":19668,"level":20,"msg":"Config loaded: \u001b[35mF:\\togithub\\study\\_config.yml\u001b[39m","time":"2017-09-04T09:34:02.658Z","v":0}
{"name":"hexo","hostname":"67RB2LH27FPWE8W","pid":19668,"level":20,"msg":"Plugin loaded: \u001b[35mhexo-deployer-git\u001b[39m","time":"2017-09-04T09:34:02.682Z","v":0}
{"name":"hexo","hostname":"67RB2LH27FPWE8W","pid":19668,"level":20,"msg":"Plugin loaded: \u001b[35mhexo-generator-index\u001b[39m","time":"2017-09-04T09:34:02.687Z","v":0}
{"name":"hexo","hostname":"67RB2LH27FPWE8W","pid":19668,"level":20,"msg":"Plugin loaded: \u001b[35mhexo-generator-category\u001b[39m","time":"2017-09-04T09:34:02.690Z","v":0}
{"name":"hexo","hostname":"67RB2LH27FPWE8W","pid":19668,"level":20,"msg":"Plugin loaded: \u001b[35mhexo-generator-archive\u001b[39m","time":"2017-09-04T09:34:02.698Z","v":0}
{"name":"hexo","hostname":"67RB2LH27FPWE8W","pid":19668,"level":20,"msg":"Plugin loaded: \u001b[35mhexo-renderer-ejs\u001b[39m","time":"2017-09-04T09:34:02.703Z","v":0}
{"name":"hexo","hostname":"67RB2LH27FPWE8W","pid":19668,"level":20,"msg":"Plugin loaded: \u001b[35mhexo-generator-tag\u001b[39m","time":"2017-09-04T09:34:02.705Z","v":0}
{"name":"hexo","hostname":"67RB2LH27FPWE8W","pid":19668,"level":20,"msg":"Plugin loaded: \u001b[35mhexo-renderer-marked\u001b[39m","time":"2017-09-04T09:34:02.711Z","v":0}
{"name":"hexo","hostname":"67RB2LH27FPWE8W","pid":19668,"level":20,"msg":"Plugin loaded: \u001b[35mhexo-server\u001b[39m","time":"2017-09-04T09:34:02.804Z","v":0}
{"name":"hexo","hostname":"67RB2LH27FPWE8W","pid":19668,"level":20,"msg":"Plugin loaded: \u001b[35mhexo-renderer-stylus\u001b[39m","time":"2017-09-04T09:34:02.806Z","v":0}
{"name":"hexo","hostname":"67RB2LH27FPWE8W","pid":19668,"level":20,"msg":"Loading database.","time":"2017-09-04T09:34:02.807Z","v":0}
{"name":"hexo","hostname":"67RB2LH27FPWE8W","pid":19668,"level":30,"msg":"Start processing","time":"2017-09-04T09:34:02.821Z","v":0}
{"name":"hexo","hostname":"67RB2LH27FPWE8W","pid":19668,"level":20,"msg":"Processed: \u001b[35m_posts/hello-world.md\u001b[39m","time":"2017-09-04T09:34:02.832Z","v":0}
{"name":"hexo","hostname":"67RB2LH27FPWE8W","pid":19668,"level":20,"msg":"Generator: \u001b[35mpage\u001b[39m","time":"2017-09-04T09:34:02.840Z","v":0}
{"name":"hexo","hostname":"67RB2LH27FPWE8W","pid":19668,"level":20,"msg":"Generator: \u001b[35mpost\u001b[39m","time":"2017-09-04T09:34:02.841Z","v":0}
{"name":"hexo","hostname":"67RB2LH27FPWE8W","pid":19668,"level":20,"msg":"Generator: \u001b[35mindex\u001b[39m","time":"2017-09-04T09:34:02.842Z","v":0}
{"name":"hexo","hostname":"67RB2LH27FPWE8W","pid":19668,"level":20,"msg":"Generator: \u001b[35mcategory\u001b[39m","time":"2017-09-04T09:34:02.843Z","v":0}
{"name":"hexo","hostname":"67RB2LH27FPWE8W","pid":19668,"level":20,"msg":"Generator: \u001b[35marchive\u001b[39m","time":"2017-09-04T09:34:02.843Z","v":0}
{"name":"hexo","hostname":"67RB2LH27FPWE8W","pid":19668,"level":20,"msg":"Generator: \u001b[35mtag\u001b[39m","time":"2017-09-04T09:34:02.844Z","v":0}
{"name":"hexo","hostname":"67RB2LH27FPWE8W","pid":19668,"level":20,"msg":"Generator: \u001b[35masset\u001b[39m","time":"2017-09-04T09:34:02.844Z","v":0}
{"name":"hexo","hostname":"67RB2LH27FPWE8W","pid":19668,"level":30,"msg":"Files loaded in \u001b[36m40 ms\u001b[39m","time":"2017-09-04T09:34:02.848Z","v":0}
{"name":"hexo","hostname":"67RB2LH27FPWE8W","pid":19668,"level":40,"msg":"No layout: \u001b[35m2017/09/04/hello-world/index.html\u001b[39m","time":"2017-09-04T09:34:02.850Z","v":0}
{"name":"hexo","hostname":"67RB2LH27FPWE8W","pid":19668,"level":40,"msg":"No layout: \u001b[35mindex.html\u001b[39m","time":"2017-09-04T09:34:02.851Z","v":0}
{"name":"hexo","hostname":"67RB2LH27FPWE8W","pid":19668,"level":40,"msg":"No layout: \u001b[35marchives/index.html\u001b[39m","time":"2017-09-04T09:34:02.852Z","v":0}
{"name":"hexo","hostname":"67RB2LH27FPWE8W","pid":19668,"level":40,"msg":"No layout: \u001b[35marchives/2017/index.html\u001b[39m","time":"2017-09-04T09:34:02.852Z","v":0}
{"name":"hexo","hostname":"67RB2LH27FPWE8W","pid":19668,"level":40,"msg":"No layout: \u001b[35marchives/2017/09/index.html\u001b[39m","time":"2017-09-04T09:34:02.853Z","v":0}
{"name":"hexo","hostname":"67RB2LH27FPWE8W","pid":19668,"level":30,"msg":"0 files generated in \u001b[36m7.25 ms\u001b[39m","time":"2017-09-04T09:34:02.855Z","v":0}
{"name":"hexo","hostname":"67RB2LH27FPWE8W","pid":19668,"level":20,"msg":"Database saved","time":"2017-09-04T09:34:02.859Z","v":0}
